<?xml version="1.0" encoding="UTF-8"?>
<testsuite xmlns:xsi="http://www.w3.org/2001/XMLSchema-instance" xsi:noNamespaceSchemaLocation="https://maven.apache.org/surefire/maven-surefire-plugin/xsd/surefire-test-report-3.0.xsd" version="3.0" name="com.sap.ai.sdk.core.client.ExecutionUnitTest" time="0.035" tests="2" errors="0" skipped="0" failures="0">
  <properties>
    <property name="java.specification.version" value="22"/>
    <property name="sun.jnu.encoding" value="UTF-8"/>
    <property name="java.class.path" value="/Users/I538344/IdeaProjects/ai-sdk-java/core/target/test-classes:/Users/I538344/IdeaProjects/ai-sdk-java/core/target/classes:/Users/I538344/.m2/repository/com/sap/cloud/sdk/datamodel/openapi-core/5.10.0/openapi-core-5.10.0.jar:/Users/I538344/.m2/repository/com/sap/cloud/sdk/cloudplatform/cloudplatform-connectivity/5.10.0/cloudplatform-connectivity-5.10.0.jar:/Users/I538344/.m2/repository/com/sap/cloud/sdk/cloudplatform/resilience-api/5.10.0/resilience-api-5.10.0.jar:/Users/I538344/.m2/repository/com/sap/cloud/environment/servicebinding/api/java-core-api/0.10.5/java-core-api-0.10.5.jar:/Users/I538344/.m2/repository/com/sap/cloud/environment/servicebinding/api/java-access-api/0.10.5/java-access-api-0.10.5.jar:/Users/I538344/.m2/repository/org/slf4j/jcl-over-slf4j/2.0.13/jcl-over-slf4j-2.0.13.jar:/Users/I538344/.m2/repository/io/vavr/vavr/0.10.4/vavr-0.10.4.jar:/Users/I538344/.m2/repository/io/vavr/vavr-match/0.10.4/vavr-match-0.10.4.jar:/Users/I538344/.m2/repository/com/mikesamuel/json-sanitizer/1.2.3/json-sanitizer-1.2.3.jar:/Users/I538344/.m2/repository/org/apache/commons/commons-lang3/3.14.0/commons-lang3-3.14.0.jar:/Users/I538344/.m2/repository/com/auth0/java-jwt/4.4.0/java-jwt-4.4.0.jar:/Users/I538344/.m2/repository/org/bouncycastle/bcprov-jdk18on/1.78.1/bcprov-jdk18on-1.78.1.jar:/Users/I538344/.m2/repository/org/bouncycastle/bcpkix-jdk18on/1.78.1/bcpkix-jdk18on-1.78.1.jar:/Users/I538344/.m2/repository/org/bouncycastle/bcutil-jdk18on/1.78.1/bcutil-jdk18on-1.78.1.jar:/Users/I538344/.m2/repository/com/sap/cloud/sdk/cloudplatform/connectivity-apache-httpclient5/5.10.0/connectivity-apache-httpclient5-5.10.0.jar:/Users/I538344/.m2/repository/com/github/ben-manes/caffeine/caffeine/3.1.8/caffeine-3.1.8.jar:/Users/I538344/.m2/repository/org/apache/httpcomponents/core5/httpcore5/5.2.4/httpcore5-5.2.4.jar:/Users/I538344/.m2/repository/org/apache/httpcomponents/client5/httpclient5/5.3.1/httpclient5-5.3.1.jar:/Users/I538344/.m2/repository/org/apache/httpcomponents/core5/httpcore5-h2/5.2.4/httpcore5-h2-5.2.4.jar:/Users/I538344/.m2/repository/com/fasterxml/jackson/core/jackson-databind/2.17.1/jackson-databind-2.17.1.jar:/Users/I538344/.m2/repository/com/fasterxml/jackson/core/jackson-annotations/2.17.1/jackson-annotations-2.17.1.jar:/Users/I538344/.m2/repository/com/fasterxml/jackson/datatype/jackson-datatype-jsr310/2.17.1/jackson-datatype-jsr310-2.17.1.jar:/Users/I538344/.m2/repository/org/springframework/spring-core/6.1.8/spring-core-6.1.8.jar:/Users/I538344/.m2/repository/org/springframework/spring-jcl/6.1.8/spring-jcl-6.1.8.jar:/Users/I538344/.m2/repository/org/springframework/spring-web/6.1.8/spring-web-6.1.8.jar:/Users/I538344/.m2/repository/org/springframework/spring-beans/6.1.8/spring-beans-6.1.8.jar:/Users/I538344/.m2/repository/io/micrometer/micrometer-observation/1.12.6/micrometer-observation-1.12.6.jar:/Users/I538344/.m2/repository/io/micrometer/micrometer-commons/1.12.6/micrometer-commons-1.12.6.jar:/Users/I538344/.m2/repository/com/fasterxml/jackson/core/jackson-core/2.17.1/jackson-core-2.17.1.jar:/Users/I538344/.m2/repository/com/google/code/findbugs/jsr305/3.0.2/jsr305-3.0.2.jar:/Users/I538344/.m2/repository/com/sap/cloud/sdk/sdk-core/5.10.0/sdk-core-5.10.0.jar:/Users/I538344/.m2/repository/com/sap/cloud/sdk/cloudplatform/connectivity-destination-service/5.10.0/connectivity-destination-service-5.10.0.jar:/Users/I538344/.m2/repository/com/sap/cloud/sdk/cloudplatform/connectivity-apache-httpclient4/5.10.0/connectivity-apache-httpclient4-5.10.0.jar:/Users/I538344/.m2/repository/com/google/code/gson/gson/2.11.0/gson-2.11.0.jar:/Users/I538344/.m2/repository/commons-io/commons-io/2.16.1/commons-io-2.16.1.jar:/Users/I538344/.m2/repository/org/apache/httpcomponents/httpcore/4.4.16/httpcore-4.4.16.jar:/Users/I538344/.m2/repository/org/apache/httpcomponents/httpclient/4.5.14/httpclient-4.5.14.jar:/Users/I538344/.m2/repository/commons-codec/commons-codec/1.11/commons-codec-1.11.jar:/Users/I538344/.m2/repository/com/sap/cloud/environment/servicebinding/api/java-consumption-api/0.10.5/java-consumption-api-0.10.5.jar:/Users/I538344/.m2/repository/com/sap/cloud/sdk/cloudplatform/connectivity-oauth/5.10.0/connectivity-oauth-5.10.0.jar:/Users/I538344/.m2/repository/com/sap/cloud/security/xsuaa/token-client/3.5.0/token-client-3.5.0.jar:/Users/I538344/.m2/repository/org/json/json/20240303/json-20240303.jar:/Users/I538344/.m2/repository/com/sap/cloud/security/java-api/3.5.0/java-api-3.5.0.jar:/Users/I538344/.m2/repository/com/sap/cloud/security/java-security/3.5.0/java-security-3.5.0.jar:/Users/I538344/.m2/repository/com/sap/cloud/security/env/3.5.0/env-3.5.0.jar:/Users/I538344/.m2/repository/com/sap/cloud/environment/servicebinding/java-sap-vcap-services/0.10.5/java-sap-vcap-services-0.10.5.jar:/Users/I538344/.m2/repository/com/sap/cloud/environment/servicebinding/java-sap-service-operator/0.10.5/java-sap-service-operator-0.10.5.jar:/Users/I538344/.m2/repository/com/sap/cloud/sdk/cloudplatform/cloudplatform-core/5.10.0/cloudplatform-core-5.10.0.jar:/Users/I538344/.m2/repository/com/sap/cloud/sdk/cloudplatform/servlet-jakarta/5.10.0/servlet-jakarta-5.10.0.jar:/Users/I538344/.m2/repository/com/sap/cloud/sdk/cloudplatform/tenant/5.10.0/tenant-5.10.0.jar:/Users/I538344/.m2/repository/com/sap/cloud/sdk/cloudplatform/security/5.10.0/security-5.10.0.jar:/Users/I538344/.m2/repository/com/sap/cloud/sdk/cloudplatform/resilience/5.10.0/resilience-5.10.0.jar:/Users/I538344/.m2/repository/com/sap/cloud/sdk/cloudplatform/resilience4j/5.10.0/resilience4j-5.10.0.jar:/Users/I538344/.m2/repository/io/github/resilience4j/resilience4j-circuitbreaker/2.2.0/resilience4j-circuitbreaker-2.2.0.jar:/Users/I538344/.m2/repository/io/github/resilience4j/resilience4j-core/2.2.0/resilience4j-core-2.2.0.jar:/Users/I538344/.m2/repository/io/github/resilience4j/resilience4j-bulkhead/2.2.0/resilience4j-bulkhead-2.2.0.jar:/Users/I538344/.m2/repository/io/github/resilience4j/resilience4j-timelimiter/2.2.0/resilience4j-timelimiter-2.2.0.jar:/Users/I538344/.m2/repository/io/github/resilience4j/resilience4j-retry/2.2.0/resilience4j-retry-2.2.0.jar:/Users/I538344/.m2/repository/io/github/resilience4j/resilience4j-ratelimiter/2.2.0/resilience4j-ratelimiter-2.2.0.jar:/Users/I538344/.m2/repository/javax/cache/cache-api/1.1.1/cache-api-1.1.1.jar:/Users/I538344/.m2/repository/com/sap/cloud/sdk/cloudplatform/caching/5.10.0/caching-5.10.0.jar:/Users/I538344/.m2/repository/org/projectlombok/lombok/1.18.32/lombok-1.18.32.jar:/Users/I538344/.m2/repository/org/junit/jupiter/junit-jupiter/5.8.0/junit-jupiter-5.8.0.jar:/Users/I538344/.m2/repository/org/junit/jupiter/junit-jupiter-api/5.8.0/junit-jupiter-api-5.8.0.jar:/Users/I538344/.m2/repository/org/opentest4j/opentest4j/1.2.0/opentest4j-1.2.0.jar:/Users/I538344/.m2/repository/org/junit/platform/junit-platform-commons/1.8.0/junit-platform-commons-1.8.0.jar:/Users/I538344/.m2/repository/org/apiguardian/apiguardian-api/1.1.2/apiguardian-api-1.1.2.jar:/Users/I538344/.m2/repository/org/junit/jupiter/junit-jupiter-params/5.8.0/junit-jupiter-params-5.8.0.jar:/Users/I538344/.m2/repository/org/junit/jupiter/junit-jupiter-engine/5.8.0/junit-jupiter-engine-5.8.0.jar:/Users/I538344/.m2/repository/org/junit/platform/junit-platform-engine/1.8.0/junit-platform-engine-1.8.0.jar:/Users/I538344/.m2/repository/org/wiremock/wiremock/3.5.4/wiremock-3.5.4.jar:/Users/I538344/.m2/repository/org/eclipse/jetty/jetty-server/11.0.20/jetty-server-11.0.20.jar:/Users/I538344/.m2/repository/org/eclipse/jetty/jetty-http/11.0.20/jetty-http-11.0.20.jar:/Users/I538344/.m2/repository/org/eclipse/jetty/jetty-io/11.0.20/jetty-io-11.0.20.jar:/Users/I538344/.m2/repository/org/eclipse/jetty/toolchain/jetty-jakarta-servlet-api/5.0.2/jetty-jakarta-servlet-api-5.0.2.jar:/Users/I538344/.m2/repository/org/eclipse/jetty/jetty-servlet/11.0.20/jetty-servlet-11.0.20.jar:/Users/I538344/.m2/repository/org/eclipse/jetty/jetty-security/11.0.20/jetty-security-11.0.20.jar:/Users/I538344/.m2/repository/org/eclipse/jetty/jetty-servlets/11.0.20/jetty-servlets-11.0.20.jar:/Users/I538344/.m2/repository/org/eclipse/jetty/jetty-util/11.0.20/jetty-util-11.0.20.jar:/Users/I538344/.m2/repository/org/eclipse/jetty/jetty-webapp/11.0.20/jetty-webapp-11.0.20.jar:/Users/I538344/.m2/repository/org/eclipse/jetty/jetty-xml/11.0.20/jetty-xml-11.0.20.jar:/Users/I538344/.m2/repository/org/eclipse/jetty/jetty-proxy/11.0.20/jetty-proxy-11.0.20.jar:/Users/I538344/.m2/repository/org/eclipse/jetty/jetty-client/11.0.20/jetty-client-11.0.20.jar:/Users/I538344/.m2/repository/org/eclipse/jetty/http2/http2-server/11.0.20/http2-server-11.0.20.jar:/Users/I538344/.m2/repository/org/eclipse/jetty/http2/http2-common/11.0.20/http2-common-11.0.20.jar:/Users/I538344/.m2/repository/org/eclipse/jetty/http2/http2-hpack/11.0.20/http2-hpack-11.0.20.jar:/Users/I538344/.m2/repository/org/eclipse/jetty/jetty-alpn-server/11.0.20/jetty-alpn-server-11.0.20.jar:/Users/I538344/.m2/repository/org/eclipse/jetty/jetty-alpn-java-server/11.0.20/jetty-alpn-java-server-11.0.20.jar:/Users/I538344/.m2/repository/org/eclipse/jetty/jetty-alpn-java-client/11.0.20/jetty-alpn-java-client-11.0.20.jar:/Users/I538344/.m2/repository/org/eclipse/jetty/jetty-alpn-client/11.0.20/jetty-alpn-client-11.0.20.jar:/Users/I538344/.m2/repository/com/google/guava/guava/33.2.1-jre/guava-33.2.1-jre.jar:/Users/I538344/.m2/repository/com/google/guava/failureaccess/1.0.2/failureaccess-1.0.2.jar:/Users/I538344/.m2/repository/com/google/guava/listenablefuture/9999.0-empty-to-avoid-conflict-with-guava/listenablefuture-9999.0-empty-to-avoid-conflict-with-guava.jar:/Users/I538344/.m2/repository/org/checkerframework/checker-qual/3.44.0/checker-qual-3.44.0.jar:/Users/I538344/.m2/repository/com/google/errorprone/error_prone_annotations/2.28.0/error_prone_annotations-2.28.0.jar:/Users/I538344/.m2/repository/com/google/j2objc/j2objc-annotations/3.0.0/j2objc-annotations-3.0.0.jar:/Users/I538344/.m2/repository/org/xmlunit/xmlunit-core/2.9.1/xmlunit-core-2.9.1.jar:/Users/I538344/.m2/repository/jakarta/xml/bind/jakarta.xml.bind-api/2.3.3/jakarta.xml.bind-api-2.3.3.jar:/Users/I538344/.m2/repository/jakarta/activation/jakarta.activation-api/1.2.2/jakarta.activation-api-1.2.2.jar:/Users/I538344/.m2/repository/org/xmlunit/xmlunit-legacy/2.9.1/xmlunit-legacy-2.9.1.jar:/Users/I538344/.m2/repository/org/xmlunit/xmlunit-placeholders/2.9.1/xmlunit-placeholders-2.9.1.jar:/Users/I538344/.m2/repository/net/javacrumbs/json-unit/json-unit-core/2.38.0/json-unit-core-2.38.0.jar:/Users/I538344/.m2/repository/org/hamcrest/hamcrest-core/2.2/hamcrest-core-2.2.jar:/Users/I538344/.m2/repository/org/hamcrest/hamcrest/2.2/hamcrest-2.2.jar:/Users/I538344/.m2/repository/com/jayway/jsonpath/json-path/2.9.0/json-path-2.9.0.jar:/Users/I538344/.m2/repository/net/minidev/json-smart/2.5.0/json-smart-2.5.0.jar:/Users/I538344/.m2/repository/net/minidev/accessors-smart/2.5.0/accessors-smart-2.5.0.jar:/Users/I538344/.m2/repository/net/sf/jopt-simple/jopt-simple/5.0.4/jopt-simple-5.0.4.jar:/Users/I538344/.m2/repository/com/github/jknack/handlebars/4.3.1/handlebars-4.3.1.jar:/Users/I538344/.m2/repository/com/github/jknack/handlebars-helpers/4.3.1/handlebars-helpers-4.3.1.jar:/Users/I538344/.m2/repository/commons-fileupload/commons-fileupload/1.5/commons-fileupload-1.5.jar:/Users/I538344/.m2/repository/com/networknt/json-schema-validator/1.4.0/json-schema-validator-1.4.0.jar:/Users/I538344/.m2/repository/com/ethlo/time/itu/1.8.0/itu-1.8.0.jar:/Users/I538344/.m2/repository/com/fasterxml/jackson/dataformat/jackson-dataformat-yaml/2.15.3/jackson-dataformat-yaml-2.15.3.jar:/Users/I538344/.m2/repository/org/yaml/snakeyaml/2.1/snakeyaml-2.1.jar:/Users/I538344/.m2/repository/org/slf4j/slf4j-api/2.0.13/slf4j-api-2.0.13.jar:/Users/I538344/.m2/repository/org/assertj/assertj-core/3.25.3/assertj-core-3.25.3.jar:/Users/I538344/.m2/repository/net/bytebuddy/byte-buddy/1.14.11/byte-buddy-1.14.11.jar:/Users/I538344/.m2/repository/uk/org/webcompere/system-stubs-jupiter/2.1.3/system-stubs-jupiter-2.1.3.jar:/Users/I538344/.m2/repository/uk/org/webcompere/system-stubs-core/2.1.3/system-stubs-core-2.1.3.jar:/Users/I538344/.m2/repository/net/bytebuddy/byte-buddy-agent/1.14.7/byte-buddy-agent-1.14.7.jar:/Users/I538344/.m2/repository/org/slf4j/slf4j-simple/2.0.13/slf4j-simple-2.0.13.jar:"/>
    <property name="java.vm.vendor" value="Homebrew"/>
    <property name="sun.arch.data.model" value="64"/>
    <property name="java.vendor.url" value="https://github.com/Homebrew/homebrew-core/issues"/>
    <property name="user.timezone" value="Europe/Berlin"/>
    <property name="os.name" value="Mac OS X"/>
    <property name="java.vm.specification.version" value="22"/>
    <property name="sun.java.launcher" value="SUN_STANDARD"/>
    <property name="user.country" value="US"/>
    <property name="sun.boot.library.path" value="/opt/homebrew/Cellar/openjdk/22.0.1/libexec/openjdk.jdk/Contents/Home/lib"/>
    <property name="sun.java.command" value="/Users/I538344/IdeaProjects/ai-sdk-java/core/target/surefire/surefirebooter-20240807112138005_3.jar /Users/I538344/IdeaProjects/ai-sdk-java/core/target/surefire 2024-08-07T11-21-37_944-jvmRun1 surefire-20240807112138005_1tmp surefire_0-20240807112138005_2tmp"/>
    <property name="jdk.debug" value="release"/>
    <property name="surefire.test.class.path" value="/Users/I538344/IdeaProjects/ai-sdk-java/core/target/test-classes:/Users/I538344/IdeaProjects/ai-sdk-java/core/target/classes:/Users/I538344/.m2/repository/com/sap/cloud/sdk/datamodel/openapi-core/5.10.0/openapi-core-5.10.0.jar:/Users/I538344/.m2/repository/com/sap/cloud/sdk/cloudplatform/cloudplatform-connectivity/5.10.0/cloudplatform-connectivity-5.10.0.jar:/Users/I538344/.m2/repository/com/sap/cloud/sdk/cloudplatform/resilience-api/5.10.0/resilience-api-5.10.0.jar:/Users/I538344/.m2/repository/com/sap/cloud/environment/servicebinding/api/java-core-api/0.10.5/java-core-api-0.10.5.jar:/Users/I538344/.m2/repository/com/sap/cloud/environment/servicebinding/api/java-access-api/0.10.5/java-access-api-0.10.5.jar:/Users/I538344/.m2/repository/org/slf4j/jcl-over-slf4j/2.0.13/jcl-over-slf4j-2.0.13.jar:/Users/I538344/.m2/repository/io/vavr/vavr/0.10.4/vavr-0.10.4.jar:/Users/I538344/.m2/repository/io/vavr/vavr-match/0.10.4/vavr-match-0.10.4.jar:/Users/I538344/.m2/repository/com/mikesamuel/json-sanitizer/1.2.3/json-sanitizer-1.2.3.jar:/Users/I538344/.m2/repository/org/apache/commons/commons-lang3/3.14.0/commons-lang3-3.14.0.jar:/Users/I538344/.m2/repository/com/auth0/java-jwt/4.4.0/java-jwt-4.4.0.jar:/Users/I538344/.m2/repository/org/bouncycastle/bcprov-jdk18on/1.78.1/bcprov-jdk18on-1.78.1.jar:/Users/I538344/.m2/repository/org/bouncycastle/bcpkix-jdk18on/1.78.1/bcpkix-jdk18on-1.78.1.jar:/Users/I538344/.m2/repository/org/bouncycastle/bcutil-jdk18on/1.78.1/bcutil-jdk18on-1.78.1.jar:/Users/I538344/.m2/repository/com/sap/cloud/sdk/cloudplatform/connectivity-apache-httpclient5/5.10.0/connectivity-apache-httpclient5-5.10.0.jar:/Users/I538344/.m2/repository/com/github/ben-manes/caffeine/caffeine/3.1.8/caffeine-3.1.8.jar:/Users/I538344/.m2/repository/org/apache/httpcomponents/core5/httpcore5/5.2.4/httpcore5-5.2.4.jar:/Users/I538344/.m2/repository/org/apache/httpcomponents/client5/httpclient5/5.3.1/httpclient5-5.3.1.jar:/Users/I538344/.m2/repository/org/apache/httpcomponents/core5/httpcore5-h2/5.2.4/httpcore5-h2-5.2.4.jar:/Users/I538344/.m2/repository/com/fasterxml/jackson/core/jackson-databind/2.17.1/jackson-databind-2.17.1.jar:/Users/I538344/.m2/repository/com/fasterxml/jackson/core/jackson-annotations/2.17.1/jackson-annotations-2.17.1.jar:/Users/I538344/.m2/repository/com/fasterxml/jackson/datatype/jackson-datatype-jsr310/2.17.1/jackson-datatype-jsr310-2.17.1.jar:/Users/I538344/.m2/repository/org/springframework/spring-core/6.1.8/spring-core-6.1.8.jar:/Users/I538344/.m2/repository/org/springframework/spring-jcl/6.1.8/spring-jcl-6.1.8.jar:/Users/I538344/.m2/repository/org/springframework/spring-web/6.1.8/spring-web-6.1.8.jar:/Users/I538344/.m2/repository/org/springframework/spring-beans/6.1.8/spring-beans-6.1.8.jar:/Users/I538344/.m2/repository/io/micrometer/micrometer-observation/1.12.6/micrometer-observation-1.12.6.jar:/Users/I538344/.m2/repository/io/micrometer/micrometer-commons/1.12.6/micrometer-commons-1.12.6.jar:/Users/I538344/.m2/repository/com/fasterxml/jackson/core/jackson-core/2.17.1/jackson-core-2.17.1.jar:/Users/I538344/.m2/repository/com/google/code/findbugs/jsr305/3.0.2/jsr305-3.0.2.jar:/Users/I538344/.m2/repository/com/sap/cloud/sdk/sdk-core/5.10.0/sdk-core-5.10.0.jar:/Users/I538344/.m2/repository/com/sap/cloud/sdk/cloudplatform/connectivity-destination-service/5.10.0/connectivity-destination-service-5.10.0.jar:/Users/I538344/.m2/repository/com/sap/cloud/sdk/cloudplatform/connectivity-apache-httpclient4/5.10.0/connectivity-apache-httpclient4-5.10.0.jar:/Users/I538344/.m2/repository/com/google/code/gson/gson/2.11.0/gson-2.11.0.jar:/Users/I538344/.m2/repository/commons-io/commons-io/2.16.1/commons-io-2.16.1.jar:/Users/I538344/.m2/repository/org/apache/httpcomponents/httpcore/4.4.16/httpcore-4.4.16.jar:/Users/I538344/.m2/repository/org/apache/httpcomponents/httpclient/4.5.14/httpclient-4.5.14.jar:/Users/I538344/.m2/repository/commons-codec/commons-codec/1.11/commons-codec-1.11.jar:/Users/I538344/.m2/repository/com/sap/cloud/environment/servicebinding/api/java-consumption-api/0.10.5/java-consumption-api-0.10.5.jar:/Users/I538344/.m2/repository/com/sap/cloud/sdk/cloudplatform/connectivity-oauth/5.10.0/connectivity-oauth-5.10.0.jar:/Users/I538344/.m2/repository/com/sap/cloud/security/xsuaa/token-client/3.5.0/token-client-3.5.0.jar:/Users/I538344/.m2/repository/org/json/json/20240303/json-20240303.jar:/Users/I538344/.m2/repository/com/sap/cloud/security/java-api/3.5.0/java-api-3.5.0.jar:/Users/I538344/.m2/repository/com/sap/cloud/security/java-security/3.5.0/java-security-3.5.0.jar:/Users/I538344/.m2/repository/com/sap/cloud/security/env/3.5.0/env-3.5.0.jar:/Users/I538344/.m2/repository/com/sap/cloud/environment/servicebinding/java-sap-vcap-services/0.10.5/java-sap-vcap-services-0.10.5.jar:/Users/I538344/.m2/repository/com/sap/cloud/environment/servicebinding/java-sap-service-operator/0.10.5/java-sap-service-operator-0.10.5.jar:/Users/I538344/.m2/repository/com/sap/cloud/sdk/cloudplatform/cloudplatform-core/5.10.0/cloudplatform-core-5.10.0.jar:/Users/I538344/.m2/repository/com/sap/cloud/sdk/cloudplatform/servlet-jakarta/5.10.0/servlet-jakarta-5.10.0.jar:/Users/I538344/.m2/repository/com/sap/cloud/sdk/cloudplatform/tenant/5.10.0/tenant-5.10.0.jar:/Users/I538344/.m2/repository/com/sap/cloud/sdk/cloudplatform/security/5.10.0/security-5.10.0.jar:/Users/I538344/.m2/repository/com/sap/cloud/sdk/cloudplatform/resilience/5.10.0/resilience-5.10.0.jar:/Users/I538344/.m2/repository/com/sap/cloud/sdk/cloudplatform/resilience4j/5.10.0/resilience4j-5.10.0.jar:/Users/I538344/.m2/repository/io/github/resilience4j/resilience4j-circuitbreaker/2.2.0/resilience4j-circuitbreaker-2.2.0.jar:/Users/I538344/.m2/repository/io/github/resilience4j/resilience4j-core/2.2.0/resilience4j-core-2.2.0.jar:/Users/I538344/.m2/repository/io/github/resilience4j/resilience4j-bulkhead/2.2.0/resilience4j-bulkhead-2.2.0.jar:/Users/I538344/.m2/repository/io/github/resilience4j/resilience4j-timelimiter/2.2.0/resilience4j-timelimiter-2.2.0.jar:/Users/I538344/.m2/repository/io/github/resilience4j/resilience4j-retry/2.2.0/resilience4j-retry-2.2.0.jar:/Users/I538344/.m2/repository/io/github/resilience4j/resilience4j-ratelimiter/2.2.0/resilience4j-ratelimiter-2.2.0.jar:/Users/I538344/.m2/repository/javax/cache/cache-api/1.1.1/cache-api-1.1.1.jar:/Users/I538344/.m2/repository/com/sap/cloud/sdk/cloudplatform/caching/5.10.0/caching-5.10.0.jar:/Users/I538344/.m2/repository/org/projectlombok/lombok/1.18.32/lombok-1.18.32.jar:/Users/I538344/.m2/repository/org/junit/jupiter/junit-jupiter/5.8.0/junit-jupiter-5.8.0.jar:/Users/I538344/.m2/repository/org/junit/jupiter/junit-jupiter-api/5.8.0/junit-jupiter-api-5.8.0.jar:/Users/I538344/.m2/repository/org/opentest4j/opentest4j/1.2.0/opentest4j-1.2.0.jar:/Users/I538344/.m2/repository/org/junit/platform/junit-platform-commons/1.8.0/junit-platform-commons-1.8.0.jar:/Users/I538344/.m2/repository/org/apiguardian/apiguardian-api/1.1.2/apiguardian-api-1.1.2.jar:/Users/I538344/.m2/repository/org/junit/jupiter/junit-jupiter-params/5.8.0/junit-jupiter-params-5.8.0.jar:/Users/I538344/.m2/repository/org/junit/jupiter/junit-jupiter-engine/5.8.0/junit-jupiter-engine-5.8.0.jar:/Users/I538344/.m2/repository/org/junit/platform/junit-platform-engine/1.8.0/junit-platform-engine-1.8.0.jar:/Users/I538344/.m2/repository/org/wiremock/wiremock/3.5.4/wiremock-3.5.4.jar:/Users/I538344/.m2/repository/org/eclipse/jetty/jetty-server/11.0.20/jetty-server-11.0.20.jar:/Users/I538344/.m2/repository/org/eclipse/jetty/jetty-http/11.0.20/jetty-http-11.0.20.jar:/Users/I538344/.m2/repository/org/eclipse/jetty/jetty-io/11.0.20/jetty-io-11.0.20.jar:/Users/I538344/.m2/repository/org/eclipse/jetty/toolchain/jetty-jakarta-servlet-api/5.0.2/jetty-jakarta-servlet-api-5.0.2.jar:/Users/I538344/.m2/repository/org/eclipse/jetty/jetty-servlet/11.0.20/jetty-servlet-11.0.20.jar:/Users/I538344/.m2/repository/org/eclipse/jetty/jetty-security/11.0.20/jetty-security-11.0.20.jar:/Users/I538344/.m2/repository/org/eclipse/jetty/jetty-servlets/11.0.20/jetty-servlets-11.0.20.jar:/Users/I538344/.m2/repository/org/eclipse/jetty/jetty-util/11.0.20/jetty-util-11.0.20.jar:/Users/I538344/.m2/repository/org/eclipse/jetty/jetty-webapp/11.0.20/jetty-webapp-11.0.20.jar:/Users/I538344/.m2/repository/org/eclipse/jetty/jetty-xml/11.0.20/jetty-xml-11.0.20.jar:/Users/I538344/.m2/repository/org/eclipse/jetty/jetty-proxy/11.0.20/jetty-proxy-11.0.20.jar:/Users/I538344/.m2/repository/org/eclipse/jetty/jetty-client/11.0.20/jetty-client-11.0.20.jar:/Users/I538344/.m2/repository/org/eclipse/jetty/http2/http2-server/11.0.20/http2-server-11.0.20.jar:/Users/I538344/.m2/repository/org/eclipse/jetty/http2/http2-common/11.0.20/http2-common-11.0.20.jar:/Users/I538344/.m2/repository/org/eclipse/jetty/http2/http2-hpack/11.0.20/http2-hpack-11.0.20.jar:/Users/I538344/.m2/repository/org/eclipse/jetty/jetty-alpn-server/11.0.20/jetty-alpn-server-11.0.20.jar:/Users/I538344/.m2/repository/org/eclipse/jetty/jetty-alpn-java-server/11.0.20/jetty-alpn-java-server-11.0.20.jar:/Users/I538344/.m2/repository/org/eclipse/jetty/jetty-alpn-java-client/11.0.20/jetty-alpn-java-client-11.0.20.jar:/Users/I538344/.m2/repository/org/eclipse/jetty/jetty-alpn-client/11.0.20/jetty-alpn-client-11.0.20.jar:/Users/I538344/.m2/repository/com/google/guava/guava/33.2.1-jre/guava-33.2.1-jre.jar:/Users/I538344/.m2/repository/com/google/guava/failureaccess/1.0.2/failureaccess-1.0.2.jar:/Users/I538344/.m2/repository/com/google/guava/listenablefuture/9999.0-empty-to-avoid-conflict-with-guava/listenablefuture-9999.0-empty-to-avoid-conflict-with-guava.jar:/Users/I538344/.m2/repository/org/checkerframework/checker-qual/3.44.0/checker-qual-3.44.0.jar:/Users/I538344/.m2/repository/com/google/errorprone/error_prone_annotations/2.28.0/error_prone_annotations-2.28.0.jar:/Users/I538344/.m2/repository/com/google/j2objc/j2objc-annotations/3.0.0/j2objc-annotations-3.0.0.jar:/Users/I538344/.m2/repository/org/xmlunit/xmlunit-core/2.9.1/xmlunit-core-2.9.1.jar:/Users/I538344/.m2/repository/jakarta/xml/bind/jakarta.xml.bind-api/2.3.3/jakarta.xml.bind-api-2.3.3.jar:/Users/I538344/.m2/repository/jakarta/activation/jakarta.activation-api/1.2.2/jakarta.activation-api-1.2.2.jar:/Users/I538344/.m2/repository/org/xmlunit/xmlunit-legacy/2.9.1/xmlunit-legacy-2.9.1.jar:/Users/I538344/.m2/repository/org/xmlunit/xmlunit-placeholders/2.9.1/xmlunit-placeholders-2.9.1.jar:/Users/I538344/.m2/repository/net/javacrumbs/json-unit/json-unit-core/2.38.0/json-unit-core-2.38.0.jar:/Users/I538344/.m2/repository/org/hamcrest/hamcrest-core/2.2/hamcrest-core-2.2.jar:/Users/I538344/.m2/repository/org/hamcrest/hamcrest/2.2/hamcrest-2.2.jar:/Users/I538344/.m2/repository/com/jayway/jsonpath/json-path/2.9.0/json-path-2.9.0.jar:/Users/I538344/.m2/repository/net/minidev/json-smart/2.5.0/json-smart-2.5.0.jar:/Users/I538344/.m2/repository/net/minidev/accessors-smart/2.5.0/accessors-smart-2.5.0.jar:/Users/I538344/.m2/repository/net/sf/jopt-simple/jopt-simple/5.0.4/jopt-simple-5.0.4.jar:/Users/I538344/.m2/repository/com/github/jknack/handlebars/4.3.1/handlebars-4.3.1.jar:/Users/I538344/.m2/repository/com/github/jknack/handlebars-helpers/4.3.1/handlebars-helpers-4.3.1.jar:/Users/I538344/.m2/repository/commons-fileupload/commons-fileupload/1.5/commons-fileupload-1.5.jar:/Users/I538344/.m2/repository/com/networknt/json-schema-validator/1.4.0/json-schema-validator-1.4.0.jar:/Users/I538344/.m2/repository/com/ethlo/time/itu/1.8.0/itu-1.8.0.jar:/Users/I538344/.m2/repository/com/fasterxml/jackson/dataformat/jackson-dataformat-yaml/2.15.3/jackson-dataformat-yaml-2.15.3.jar:/Users/I538344/.m2/repository/org/yaml/snakeyaml/2.1/snakeyaml-2.1.jar:/Users/I538344/.m2/repository/org/slf4j/slf4j-api/2.0.13/slf4j-api-2.0.13.jar:/Users/I538344/.m2/repository/org/assertj/assertj-core/3.25.3/assertj-core-3.25.3.jar:/Users/I538344/.m2/repository/net/bytebuddy/byte-buddy/1.14.11/byte-buddy-1.14.11.jar:/Users/I538344/.m2/repository/uk/org/webcompere/system-stubs-jupiter/2.1.3/system-stubs-jupiter-2.1.3.jar:/Users/I538344/.m2/repository/uk/org/webcompere/system-stubs-core/2.1.3/system-stubs-core-2.1.3.jar:/Users/I538344/.m2/repository/net/bytebuddy/byte-buddy-agent/1.14.7/byte-buddy-agent-1.14.7.jar:/Users/I538344/.m2/repository/org/slf4j/slf4j-simple/2.0.13/slf4j-simple-2.0.13.jar:"/>
    <property name="sun.cpu.endian" value="little"/>
    <property name="user.home" value="/Users/I538344"/>
    <property name="user.language" value="en"/>
    <property name="java.specification.vendor" value="Oracle Corporation"/>
    <property name="java.version.date" value="2024-04-16"/>
    <property name="java.home" value="/opt/homebrew/Cellar/openjdk/22.0.1/libexec/openjdk.jdk/Contents/Home"/>
    <property name="file.separator" value="/"/>
    <property name="basedir" value="/Users/I538344/IdeaProjects/ai-sdk-java/core"/>
    <property name="java.vm.compressedOopsMode" value="Zero based"/>
    <property name="line.separator" value="&#10;"/>
    <property name="java.vm.specification.vendor" value="Oracle Corporation"/>
    <property name="java.specification.name" value="Java Platform API Specification"/>
    <property name="apple.awt.application.name" value="ForkedBooter"/>
    <property name="surefire.real.class.path" value="/Users/I538344/IdeaProjects/ai-sdk-java/core/target/surefire/surefirebooter-20240807112138005_3.jar"/>
    <property name="sun.management.compiler" value="HotSpot 64-Bit Tiered Compilers"/>
    <property name="org.eclipse.jetty.http.HttpGenerator.STRICT" value="true"/>
    <property name="java.runtime.version" value="22.0.1"/>
    <property name="user.name" value="I538344"/>
    <property name="stdout.encoding" value="UTF-8"/>
    <property name="path.separator" value=":"/>
    <property name="os.version" value="14.6"/>
    <property name="java.runtime.name" value="OpenJDK Runtime Environment"/>
    <property name="file.encoding" value="UTF-8"/>
    <property name="java.vm.name" value="OpenJDK 64-Bit Server VM"/>
    <property name="java.vendor.version" value="Homebrew"/>
    <property name="localRepository" value="/Users/I538344/.m2/repository"/>
    <property name="javax.xml.xpath.XPathFactory:http://java.sun.com/jaxp/xpath/dom" value="com.sun.org.apache.xpath.internal.jaxp.XPathFactoryImpl"/>
    <property name="java.vendor.url.bug" value="https://github.com/Homebrew/homebrew-core/issues"/>
    <property name="jetty.git.hash" value="922f8dc188f7011e60d0361de585fd4ac4d63064"/>
    <property name="java.io.tmpdir" value="/var/folders/rb/tvjdmgnn1ds98m9drqhw5njm0000gn/T/"/>
    <property name="idea.version" value="2024.1.4"/>
    <property name="java.version" value="22.0.1"/>
    <property name="user.dir" value="/Users/I538344/IdeaProjects/ai-sdk-java/core"/>
    <property name="os.arch" value="aarch64"/>
    <property name="java.vm.specification.name" value="Java Virtual Machine Specification"/>
    <property name="native.encoding" value="UTF-8"/>
    <property name="java.library.path" value="/Users/I538344/Library/Java/Extensions:/Library/Java/Extensions:/Network/Library/Java/Extensions:/System/Library/Java/Extensions:/usr/lib/java:."/>
    <property name="java.vm.info" value="mixed mode, sharing"/>
    <property name="stderr.encoding" value="UTF-8"/>
    <property name="java.vendor" value="Homebrew"/>
    <property name="java.vm.version" value="22.0.1"/>
    <property name="sun.io.unicode.encoding" value="UnicodeBig"/>
    <property name="javax.xml.transform.TransformerFactory" value="com.sun.org.apache.xalan.internal.xsltc.trax.TransformerFactoryImpl"/>
    <property name="java.class.version" value="66.0"/>
  </properties>
  <testcase name="testPostExecution" classname="com.sap.ai.sdk.core.client.ExecutionUnitTest" time="0.011">
    <system-err><![CDATA[[main] INFO org.eclipse.jetty.server.Server - jetty-11.0.20; built: 2024-01-29T21:04:22.394Z; git: 922f8dc188f7011e60d0361de585fd4ac4d63064; jvm 22.0.1
[main] INFO org.eclipse.jetty.server.handler.ContextHandler - Started o.e.j.s.ServletContextHandler@5efeb117{/__admin,null,AVAILABLE}
[main] INFO org.eclipse.jetty.server.handler.ContextHandler.ROOT - RequestHandlerClass from context returned com.github.tomakehurst.wiremock.http.StubRequestHandler. Normalized mapped under returned 'null'
[main] INFO org.eclipse.jetty.server.handler.ContextHandler - Started o.e.j.s.ServletContextHandler@160b4809{/,null,AVAILABLE}
[main] INFO org.eclipse.jetty.server.AbstractConnector - Started NetworkTrafficServerConnector@1af4955e{HTTP/1.1, (http/1.1, h2c)}{0.0.0.0:56917}
[main] INFO org.eclipse.jetty.server.Server - Started Server@35dece42{STARTING}[11.0.20,sto=1000] @1493ms
]]></system-err>
  </testcase>
  <testcase name="testGetExecutions" classname="com.sap.ai.sdk.core.client.ExecutionUnitTest" time="0.014"/>
</testsuite>